  Codigo de Proyecto.cpp
C:\Users\leona\OneDrive\Documentos de la Facultad\LMAD\Otros semestres\PROGRAMACIÓN\Proyecto de Programacion Avanzada\Proyecto de Programacion Avanzada\Codigo de Proyecto.cpp(520,13): warning C4101: 'dia': variable local sin referencia
C:\Users\leona\OneDrive\Documentos de la Facultad\LMAD\Otros semestres\PROGRAMACIÓN\Proyecto de Programacion Avanzada\Proyecto de Programacion Avanzada\Codigo de Proyecto.cpp(520,18): warning C4101: 'mes': variable local sin referencia
C:\Users\leona\OneDrive\Documentos de la Facultad\LMAD\Otros semestres\PROGRAMACIÓN\Proyecto de Programacion Avanzada\Proyecto de Programacion Avanzada\Codigo de Proyecto.cpp(520,23): warning C4101: 'año': variable local sin referencia
C:\Users\leona\OneDrive\Documentos de la Facultad\LMAD\Otros semestres\PROGRAMACIÓN\Proyecto de Programacion Avanzada\Proyecto de Programacion Avanzada\Codigo de Proyecto.cpp(1373,33): warning C4244: '=': conversión de 'double' a 'float'; posible pérdida de datos
C:\Users\leona\OneDrive\Documentos de la Facultad\LMAD\Otros semestres\PROGRAMACIÓN\Proyecto de Programacion Avanzada\Proyecto de Programacion Avanzada\Codigo de Proyecto.cpp(1374,25): warning C4244: '=': conversión de 'double' a 'float'; posible pérdida de datos
C:\Users\leona\OneDrive\Documentos de la Facultad\LMAD\Otros semestres\PROGRAMACIÓN\Proyecto de Programacion Avanzada\Proyecto de Programacion Avanzada\Codigo de Proyecto.cpp(2574,18): warning C4018: '<': no coinciden signed/unsigned
C:\Users\leona\OneDrive\Documentos de la Facultad\LMAD\Otros semestres\PROGRAMACIÓN\Proyecto de Programacion Avanzada\Proyecto de Programacion Avanzada\Codigo de Proyecto.cpp(2609,18): warning C4018: '<': no coinciden signed/unsigned
C:\Users\leona\OneDrive\Documentos de la Facultad\LMAD\Otros semestres\PROGRAMACIÓN\Proyecto de Programacion Avanzada\Proyecto de Programacion Avanzada\Codigo de Proyecto.cpp(2640,18): warning C4018: '<': no coinciden signed/unsigned
C:\Users\leona\OneDrive\Documentos de la Facultad\LMAD\Otros semestres\PROGRAMACIÓN\Proyecto de Programacion Avanzada\Proyecto de Programacion Avanzada\Codigo de Proyecto.cpp(2735,13): warning C4244: 'inicializando': conversión de 'std::streamoff' a 'int'; posible pérdida de datos
C:\Users\leona\OneDrive\Documentos de la Facultad\LMAD\Otros semestres\PROGRAMACIÓN\Proyecto de Programacion Avanzada\Proyecto de Programacion Avanzada\Codigo de Proyecto.cpp(2742,22): warning C4018: '<': no coinciden signed/unsigned
C:\Users\leona\OneDrive\Documentos de la Facultad\LMAD\Otros semestres\PROGRAMACIÓN\Proyecto de Programacion Avanzada\Proyecto de Programacion Avanzada\Codigo de Proyecto.cpp(2864,13): warning C4244: 'inicializando': conversión de 'std::streamoff' a 'int'; posible pérdida de datos
C:\Users\leona\OneDrive\Documentos de la Facultad\LMAD\Otros semestres\PROGRAMACIÓN\Proyecto de Programacion Avanzada\Proyecto de Programacion Avanzada\Codigo de Proyecto.cpp(2870,22): warning C4018: '<': no coinciden signed/unsigned
C:\Users\leona\OneDrive\Documentos de la Facultad\LMAD\Otros semestres\PROGRAMACIÓN\Proyecto de Programacion Avanzada\Proyecto de Programacion Avanzada\Codigo de Proyecto.cpp(3458,23): warning C4101: 'segundos': variable local sin referencia
C:\Users\leona\OneDrive\Documentos de la Facultad\LMAD\Otros semestres\PROGRAMACIÓN\Proyecto de Programacion Avanzada\Proyecto de Programacion Avanzada\Codigo de Proyecto.cpp(3462,27): warning C4101: 'segundos_A': variable local sin referencia
C:\Users\leona\OneDrive\Documentos de la Facultad\LMAD\Otros semestres\PROGRAMACIÓN\Proyecto de Programacion Avanzada\Proyecto de Programacion Avanzada\Codigo de Proyecto.cpp(3535,23): warning C4101: 'segundos': variable local sin referencia
C:\Users\leona\OneDrive\Documentos de la Facultad\LMAD\Otros semestres\PROGRAMACIÓN\Proyecto de Programacion Avanzada\Proyecto de Programacion Avanzada\Codigo de Proyecto.cpp(3539,27): warning C4101: 'segundos_A': variable local sin referencia
C:\Users\leona\OneDrive\Documentos de la Facultad\LMAD\Otros semestres\PROGRAMACIÓN\Proyecto de Programacion Avanzada\Proyecto de Programacion Avanzada\Codigo de Proyecto.cpp(2561): warning C4715: 'INICIOSESION': no todas las rutas de acceso de control devuelven un valor
C:\Users\leona\OneDrive\Documentos de la Facultad\LMAD\Otros semestres\PROGRAMACIÓN\Proyecto de Programacion Avanzada\Proyecto de Programacion Avanzada\Codigo de Proyecto.cpp(2982): warning C4715: 'validar_fecha_y_hora': no todas las rutas de acceso de control devuelven un valor
C:\Users\leona\OneDrive\Documentos de la Facultad\LMAD\Otros semestres\PROGRAMACIÓN\Proyecto de Programacion Avanzada\Proyecto de Programacion Avanzada\Codigo de Proyecto.cpp(3144): warning C4715: 'validar_fecha2': no todas las rutas de acceso de control devuelven un valor
C:\Users\leona\OneDrive\Documentos de la Facultad\LMAD\Otros semestres\PROGRAMACIÓN\Proyecto de Programacion Avanzada\Proyecto de Programacion Avanzada\Codigo de Proyecto.cpp(3203): warning C4715: 'validar_fecha_y_hora_CON_ID': no todas las rutas de acceso de control devuelven un valor
C:\Users\leona\OneDrive\Documentos de la Facultad\LMAD\Otros semestres\PROGRAMACIÓN\Proyecto de Programacion Avanzada\Proyecto de Programacion Avanzada\Codigo de Proyecto.cpp(3365): warning C4715: 'validar_fecha2_CON_ID': no todas las rutas de acceso de control devuelven un valor
C:\Users\leona\OneDrive\Documentos de la Facultad\LMAD\Otros semestres\PROGRAMACIÓN\Proyecto de Programacion Avanzada\Proyecto de Programacion Avanzada\Codigo de Proyecto.cpp(3446): warning C4715: 'validar_fecha': no todas las rutas de acceso de control devuelven un valor
C:\Users\leona\OneDrive\Documentos de la Facultad\LMAD\Otros semestres\PROGRAMACIÓN\Proyecto de Programacion Avanzada\Proyecto de Programacion Avanzada\Codigo de Proyecto.cpp(3525): warning C4715: 'validar_hora': no todas las rutas de acceso de control devuelven un valor
  Proyecto de Programacion Avanzada.vcxproj -> C:\Users\leona\OneDrive\Documentos de la Facultad\LMAD\Otros semestres\PROGRAMACIÓN\Proyecto de Programacion Avanzada\Debug\Proyecto de Programacion Avanzada.exe
